<?xml version="1.0" encoding="UTF-8"?>
<!-- Generated by org.testng.reporters.JUnitReportReporter -->
<testsuite hostname="obama" name="com.excel.xlsx.test.TestReadXLSXApi" tests="2" failures="0" timestamp="16 Jul 2015 01:02:55 GMT" time="0.006" errors="0">
  <testcase name="canOpenSheetwithIndex" time="0.000" classname="com.excel.xlsx.test.TestReadXLSXApi"/>
  <testcase name="canOpenSheetwithName" time="0.006" classname="com.excel.xlsx.test.TestReadXLSXApi"/>
</testsuite> <!-- com.excel.xlsx.test.TestReadXLSXApi -->
